<?xml version="1.0" encoding="UTF-8"?>
<!-- Generated by org.testng.reporters.JUnitReportReporter -->
<testsuite skipped="0" hostname="DESKTOP-DB1PCEJ" name="automationFramework.AorticFormTest" tests="1" failures="0" timestamp="16 Apr 2018 03:43:20 GMT" time="68.349" errors="0">
  <testcase name="AorticForm" time="68.349" classname="automationFramework.AorticFormTest"/>
</testsuite> <!-- automationFramework.AorticFormTest -->
