<?xml version="1.0" encoding="UTF-8"?>
<!-- Generated by org.testng.reporters.JUnitReportReporter -->
<testsuite skipped="0" hostname="DESKTOP-DB1PCEJ" name="automationFramework.AFSFreezorProcedure" tests="1" failures="0" timestamp="16 Apr 2018 07:09:42 GMT" time="55.995" errors="0">
  <testcase name="AFSFreezorCapture" time="55.995" classname="automationFramework.AFSFreezorProcedure"/>
</testsuite> <!-- automationFramework.AFSFreezorProcedure -->
