<?xml version="1.0" encoding="UTF-8"?>
<!-- Generated by org.testng.reporters.JUnitReportReporter -->
<testsuite skipped="0" hostname="DESKTOP-DB1PCEJ" name="automationFramework.AorticCSCases" tests="1" failures="0" timestamp="16 Apr 2018 04:53:06 GMT" time="80.293" errors="0">
  <testcase name="AorticCSCases" time="80.293" classname="automationFramework.AorticCSCases"/>
</testsuite> <!-- automationFramework.AorticCSCases -->
