<?xml version="1.0" encoding="UTF-8"?>
<!-- Generated by org.testng.reporters.JUnitReportReporter -->
<testsuite skipped="0" hostname="DESKTOP-DB1PCEJ" name="automationFramework.AorticSRCases" tests="1" failures="0" timestamp="16 Apr 2018 05:13:34 GMT" time="83.345" errors="0">
  <testcase name="AorticSRCases" time="83.345" classname="automationFramework.AorticSRCases"/>
</testsuite> <!-- automationFramework.AorticSRCases -->
