<?xml version="1.0" encoding="UTF-8"?>
<!-- Generated by org.testng.reporters.JUnitReportReporter -->
<testsuite skipped="0" hostname="DESKTOP-DB1PCEJ" name="automationFramework.AFSCaseCapture" tests="1" failures="0" timestamp="16 Apr 2018 06:10:08 GMT" time="80.404" errors="0">
  <testcase name="AFSCaseCapture" time="80.404" classname="automationFramework.AFSCaseCapture"/>
</testsuite> <!-- automationFramework.AFSCaseCapture -->
