<?xml version="1.0" encoding="UTF-8"?>
<!-- Generated by org.testng.reporters.JUnitReportReporter -->
<testsuite skipped="0" hostname="DESKTOP-DB1PCEJ" name="automationFramework.MDPRCreateDareToCare" tests="1" failures="0" timestamp="16 Apr 2018 15:39:00 GMT" time="44.283" errors="0">
  <testcase name="MDPRCreateDareToCare" time="44.283" classname="automationFramework.MDPRCreateDareToCare"/>
</testsuite> <!-- automationFramework.MDPRCreateDareToCare -->
