<?xml version="1.0" encoding="UTF-8"?>
<!-- Generated by org.testng.reporters.JUnitReportReporter -->
<testsuite skipped="0" hostname="DESKTOP-DB1PCEJ" name="automationFramework.DxFormP2P" tests="1" failures="0" timestamp="16 Apr 2018 04:13:37 GMT" time="62.788" errors="0">
  <testcase name="DxFormP2P" time="62.788" classname="automationFramework.DxFormP2P"/>
</testsuite> <!-- automationFramework.DxFormP2P -->
