<?xml version="1.0" encoding="UTF-8"?>
<!-- Generated by org.testng.reporters.JUnitReportReporter -->
<testsuite skipped="0" hostname="DESKTOP-DB1PCEJ" name="automationFramework.CBTCases" tests="1" failures="0" timestamp="16 Apr 2018 05:53:38 GMT" time="59.779" errors="0">
  <testcase name="CBTCases" time="59.779" classname="automationFramework.CBTCases"/>
</testsuite> <!-- automationFramework.CBTCases -->
