<?xml version="1.0" encoding="UTF-8"?>
<!-- Generated by org.testng.reporters.JUnitReportReporter -->
<testsuite skipped="0" hostname="DESKTOP-DB1PCEJ" name="automationFramework.MDPRCreateStrategicAccounts" tests="1" failures="0" timestamp="16 Apr 2018 15:29:08 GMT" time="50.460" errors="0">
  <testcase name="MDPRCreateStrategicAccounts" time="50.460" classname="automationFramework.MDPRCreateStrategicAccounts"/>
</testsuite> <!-- automationFramework.MDPRCreateStrategicAccounts -->
