<?xml version="1.0" encoding="UTF-8"?>
<!-- Generated by org.testng.reporters.JUnitReportReporter -->
<testsuite skipped="0" hostname="DESKTOP-DB1PCEJ" name="automationFramework.AFSFormTest" tests="1" failures="0" timestamp="16 Apr 2018 03:29:54 GMT" time="53.688" errors="0">
  <testcase name="AFSForm" time="53.688" classname="automationFramework.AFSFormTest"/>
</testsuite> <!-- automationFramework.AFSFormTest -->
