<?xml version="1.0" encoding="UTF-8"?>
<!-- Generated by org.testng.reporters.JUnitReportReporter -->
<testsuite skipped="0" hostname="DESKTOP-DB1PCEJ" name="automationFramework.MDPREditDareToCare" tests="1" failures="0" timestamp="16 Apr 2018 15:41:46 GMT" time="42.633" errors="0">
  <testcase name="MDPREditDareToCare" time="42.633" classname="automationFramework.MDPREditDareToCare"/>
</testsuite> <!-- automationFramework.MDPREditDareToCare -->
