<?xml version="1.0" encoding="UTF-8"?>
<!-- Generated by org.testng.reporters.JUnitReportReporter -->
<testsuite skipped="0" hostname="DESKTOP-DB1PCEJ" name="automationFramework.MDPREditDareToCareExecutive" tests="1" failures="0" timestamp="16 Apr 2018 15:53:38 GMT" time="50.787" errors="0">
  <testcase name="MDPREditDareToCareExecutive" time="50.787" classname="automationFramework.MDPREditDareToCareExecutive"/>
</testsuite> <!-- automationFramework.MDPREditDareToCareExecutive -->
