<?xml version="1.0" encoding="UTF-8"?>
<!-- Generated by org.testng.reporters.JUnitReportReporter -->
<testsuite skipped="0" hostname="DESKTOP-DB1PCEJ" name="automationFramework.AFSLATAMProcedure" tests="1" failures="0" timestamp="16 Apr 2018 07:02:12 GMT" time="58.222" errors="0">
  <testcase name="AFSLATAMProcedure" time="58.222" classname="automationFramework.AFSLATAMProcedure"/>
</testsuite> <!-- automationFramework.AFSLATAMProcedure -->
