<?xml version="1.0" encoding="UTF-8"?>
<!-- Generated by org.testng.reporters.JUnitReportReporter -->
<testsuite skipped="0" hostname="DESKTOP-DB1PCEJ" name="automationFramework.CCCaseEscalationToDevelopment" tests="1" failures="0" timestamp="16 Apr 2018 07:17:37 GMT" time="66.212" errors="0">
  <testcase name="CCCaseEscalationToDevelopment" time="66.212" classname="automationFramework.CCCaseEscalationToDevelopment"/>
</testsuite> <!-- automationFramework.CCCaseEscalationToDevelopment -->
