<?xml version="1.0" encoding="UTF-8"?>
<!-- Generated by org.testng.reporters.JUnitReportReporter -->
<testsuite skipped="0" hostname="DESKTOP-DB1PCEJ" name="automationFramework.MDPREditStrategicAccounts" tests="1" failures="0" timestamp="16 Apr 2018 15:31:08 GMT" time="47.892" errors="0">
  <testcase name="MDPREditStrategicAccounts" time="47.892" classname="automationFramework.MDPREditStrategicAccounts"/>
</testsuite> <!-- automationFramework.MDPREditStrategicAccounts -->
