<?xml version="1.0" encoding="UTF-8"?>
<!-- Generated by org.testng.reporters.JUnitReportReporter -->
<testsuite skipped="0" hostname="DESKTOP-DB1PCEJ" name="automationFramework.MDPREditDiseaseRecovery" tests="1" failures="0" timestamp="16 Apr 2018 14:26:30 GMT" time="42.650" errors="0">
  <testcase name="MDPREditDiseaseRecovery" time="42.650" classname="automationFramework.MDPREditDiseaseRecovery"/>
</testsuite> <!-- automationFramework.MDPREditDiseaseRecovery -->
