<?xml version="1.0" encoding="UTF-8"?>
<!-- Generated by org.testng.reporters.JUnitReportReporter -->
<testsuite skipped="0" hostname="DESKTOP-DB1PCEJ" name="automationFramework.DxFormTAP" tests="1" failures="0" timestamp="16 Apr 2018 03:50:19 GMT" time="59.804" errors="0">
  <testcase name="DxFormTAP" time="59.804" classname="automationFramework.DxFormTAP"/>
</testsuite> <!-- automationFramework.DxFormTAP -->
