<?xml version="1.0" encoding="UTF-8"?>
<!-- Generated by org.testng.reporters.JUnitReportReporter -->
<testsuite skipped="0" hostname="DESKTOP-DB1PCEJ" name="automationFramework.MDPRCreateDareToCareExecutive" tests="1" failures="0" timestamp="16 Apr 2018 15:49:20 GMT" time="55.514" errors="0">
  <testcase name="MDPRCreateDareToCare" time="55.514" classname="automationFramework.MDPRCreateDareToCareExecutive"/>
</testsuite> <!-- automationFramework.MDPRCreateDareToCareExecutive -->
