<?xml version="1.0" encoding="UTF-8"?>
<!-- Generated by org.testng.reporters.JUnitReportReporter -->
<testsuite skipped="0" hostname="DESKTOP-DB1PCEJ" name="automationFramework.MDPREditFieldSupport" tests="1" failures="0" timestamp="16 Apr 2018 15:18:06 GMT" time="48.334" errors="0">
  <testcase name="MDPREditFieldSupport" time="48.334" classname="automationFramework.MDPREditFieldSupport"/>
</testsuite> <!-- automationFramework.MDPREditFieldSupport -->
