<?xml version="1.0" encoding="UTF-8"?>
<!-- Generated by org.testng.reporters.JUnitReportReporter -->
<testsuite skipped="0" hostname="DESKTOP-DB1PCEJ" name="automationFramework.MDPRCreateDiseaseRecovery" tests="1" failures="0" timestamp="16 Apr 2018 14:07:35 GMT" time="44.223" errors="0">
  <testcase name="MDPRCreateDiseaseRecovery" time="44.223" classname="automationFramework.MDPRCreateDiseaseRecovery"/>
</testsuite> <!-- automationFramework.MDPRCreateDiseaseRecovery -->
