<?xml version="1.0" encoding="UTF-8"?>
<!-- Generated by org.testng.reporters.JUnitReportReporter -->
<testsuite skipped="0" hostname="DESKTOP-DB1PCEJ" name="automationFramework.AFSCITProcedure" tests="1" failures="0" timestamp="16 Apr 2018 07:00:07 GMT" time="52.070" errors="0">
  <testcase name="AFSCITCapture" time="52.070" classname="automationFramework.AFSCITProcedure"/>
</testsuite> <!-- automationFramework.AFSCITProcedure -->
